<?xml version="1.0" encoding="UTF-8"?>
<!-- Generated by org.testng.reporters.JUnitReportReporter -->
<testsuite hostname="DESKTOP-53K956R" failures="0" tests="1" name="Contacts.CreateContactTest" time="0.010" errors="0" timestamp="31 Dec 2021 12:49:30 GMT" skipped="0">
  <testcase classname="Contacts.CreateContactTest" name="insideCreateContactTest" time="0.010"/>
</testsuite> <!-- Contacts.CreateContactTest -->
