<?xml version="1.0" encoding="UTF-8"?>
<!-- Generated by org.testng.reporters.JUnitReportReporter -->
<testsuite hostname="DESKTOP-53K956R" failures="0" tests="1" name="practiseCRUDwithoutBDD.UpdateProject" time="2.711" errors="0" timestamp="2022-02-09T22:21:35 IST" skipped="0">
  <testcase classname="practiseCRUDwithoutBDD.UpdateProject" name="updateProject" time="2.711"/>
  <system-out/>
</testsuite> <!-- practiseCRUDwithoutBDD.UpdateProject -->
