<?xml version="1.0" encoding="UTF-8"?>
<!-- Generated by org.testng.reporters.JUnitReportReporter -->
<testsuite hostname="DESKTOP-53K956R" failures="0" tests="1" name="practiseCRUDwithBDD.UpdateProj" time="2.721" errors="0" timestamp="2022-02-10T12:38:42 IST" skipped="0">
  <testcase classname="practiseCRUDwithBDD.UpdateProj" name="updateProj" time="2.721"/>
  <system-out/>
</testsuite> <!-- practiseCRUDwithBDD.UpdateProj -->
