<?xml version="1.0" encoding="UTF-8"?>
<!-- Generated by org.testng.reporters.JUnitReportReporter -->
<testsuite hostname="DESKTOP-53K956R" failures="0" tests="1" name="practise.CreateProjAndAllocateToEmp" time="4.747" errors="0" timestamp="2022-02-12T21:02:05 IST" skipped="0">
  <testcase classname="practise.CreateProjAndAllocateToEmp" name="createProjAndAllocateToEmp" time="4.747"/>
  <system-out/>
</testsuite> <!-- practise.CreateProjAndAllocateToEmp -->
