<?xml version="1.0" encoding="UTF-8"?>
<!-- Generated by org.testng.reporters.JUnitReportReporter -->
<testsuite hostname="DESKTOP-53K956R" failures="0" tests="1" name="practise.CreateProjectWithOnGoingStatus" time="2.903" errors="0" timestamp="2022-02-11T18:13:56 IST" skipped="0">
  <testcase classname="practise.CreateProjectWithOnGoingStatus" name="createProjWithOngoingStatus" time="2.903"/>
  <system-out/>
</testsuite> <!-- practise.CreateProjectWithOnGoingStatus -->
