<?xml version="1.0" encoding="UTF-8"?>
<!-- Generated by org.testng.reporters.JUnitReportReporter -->
<testsuite hostname="DESKTOP-53K956R" failures="0" tests="1" name="parametersAndAuthentication.QueryParameterTest" time="5.341" errors="0" timestamp="2022-02-11T12:40:34 IST" skipped="0">
  <testcase classname="parametersAndAuthentication.QueryParameterTest" name="queryParam" time="5.341"/>
  <system-out/>
</testsuite> <!-- parametersAndAuthentication.QueryParameterTest -->
