<?xml version="1.0" encoding="UTF-8"?>
<!-- Generated by org.testng.reporters.JUnitReportReporter -->
<testsuite hostname="DESKTOP-53K956R" failures="0" tests="1" name="practise.CreateEmpTest" time="3.055" errors="0" timestamp="2022-02-11T22:00:50 IST" skipped="0">
  <testcase classname="practise.CreateEmpTest" name="createEmp" time="3.055"/>
  <system-out/>
</testsuite> <!-- practise.CreateEmpTest -->
