<?xml version="1.0" encoding="UTF-8"?>
<!-- Generated by org.testng.reporters.JUnitReportReporter -->
<testsuite hostname="DESKTOP-53K956R" failures="0" tests="2" name="responseValidation.ResponseValidationForMultipleReq" time="2.586" errors="0" timestamp="2022-02-10T17:35:32 IST" skipped="0">
  <testcase classname="responseValidation.ResponseValidationForMultipleReq" name="validateResp" time="2.528"/>
  <system-out/>
  <testcase classname="responseValidation.ResponseValidationForMultipleReq" name="validateResp" time="0.058"/>
  <system-out/>
</testsuite> <!-- responseValidation.ResponseValidationForMultipleReq -->
