<?xml version="1.0" encoding="UTF-8"?>
<!-- Generated by org.testng.reporters.JUnitReportReporter -->
<testsuite hostname="DESKTOP-53K956R" failures="0" tests="1" name="com.RMGYantraTests.CreateResourseAndVerifyInDatabase" time="2.553" errors="0" timestamp="2022-02-12T18:03:51 IST" skipped="0">
  <testcase classname="com.RMGYantraTests.CreateResourseAndVerifyInDatabase" name="createResourseAndVerifyInDatabase" time="2.553"/>
  <system-out>
    <![CDATA[TY_PROJ_602
validation succesful]]>
  </system-out>
</testsuite> <!-- com.RMGYantraTests.CreateResourseAndVerifyInDatabase -->
