<?xml version="1.0" encoding="UTF-8"?>
<!-- Generated by org.testng.reporters.JUnitReportReporter -->
<testsuite hostname="DESKTOP-53K956R" failures="0" tests="1" name="practiseCRUDwithoutBDD.GetAllProjects" time="2.356" errors="0" timestamp="2022-02-09T22:12:19 IST" skipped="0">
  <testcase classname="practiseCRUDwithoutBDD.GetAllProjects" name="getAllProjects" time="2.356"/>
  <system-out/>
</testsuite> <!-- practiseCRUDwithoutBDD.GetAllProjects -->
