<?xml version="1.0" encoding="UTF-8"?>
<!-- Generated by org.testng.reporters.JUnitReportReporter -->
<testsuite hostname="DESKTOP-53K956R" failures="0" tests="1" name="requestchaining.RequestChainingTest" time="3.209" errors="0" timestamp="2022-02-11T12:58:35 IST" skipped="0">
  <testcase classname="requestchaining.RequestChainingTest" name="requestChaining" time="3.209"/>
  <system-out/>
</testsuite> <!-- requestchaining.RequestChainingTest -->
