<?xml version="1.0" encoding="UTF-8"?>
<!-- Generated by org.testng.reporters.JUnitReportReporter -->
<testsuite hostname="DESKTOP-53K956R" failures="0" tests="1" name="practiseCRUDwithoutBDD.CreateProject" time="2.919" errors="0" timestamp="2022-02-09T20:29:22 IST" skipped="0">
  <testcase classname="practiseCRUDwithoutBDD.CreateProject" name="createProject" time="2.919"/>
  <system-out/>
</testsuite> <!-- practiseCRUDwithoutBDD.CreateProject -->
