<?xml version="1.0" encoding="UTF-8"?>
<!-- Generated by org.testng.reporters.JUnitReportReporter -->
<testsuite hostname="DESKTOP-53K956R" failures="0" tests="1" name="practiseCRUDwithBDD.CreateProject" time="2.573" errors="0" timestamp="2022-02-10T12:30:55 IST" skipped="0">
  <testcase classname="practiseCRUDwithBDD.CreateProject" name="createProject" time="2.573"/>
  <system-out/>
</testsuite> <!-- practiseCRUDwithBDD.CreateProject -->
