<?xml version="1.0" encoding="UTF-8"?>
<!-- Generated by org.testng.reporters.JUnitReportReporter -->
<testsuite hostname="DESKTOP-53K956R" failures="0" tests="1" name="practise.CreateEmpWithInvalidEmail" time="2.650" errors="0" timestamp="2022-02-11T22:14:21 IST" skipped="0">
  <testcase classname="practise.CreateEmpWithInvalidEmail" name="createEmpWithInvalidEmail" time="2.650"/>
  <system-out/>
</testsuite> <!-- practise.CreateEmpWithInvalidEmail -->
