<?xml version="1.0" encoding="UTF-8"?>
<!-- Generated by org.testng.reporters.JUnitReportReporter -->
<testsuite hostname="DESKTOP-53K956R" failures="0" tests="1" name="practise.GetAllProjectsTest" time="2.124" errors="0" timestamp="2022-02-11T17:45:20 IST" skipped="0">
  <testcase classname="practise.GetAllProjectsTest" name="getAllProj" time="2.124"/>
  <system-out/>
</testsuite> <!-- practise.GetAllProjectsTest -->
