<?xml version="1.0" encoding="UTF-8"?>
<!-- Generated by org.testng.reporters.JUnitReportReporter -->
<testsuite hostname="DESKTOP-53K956R" failures="0" tests="1" name="authentication.PreemptiveAuthTest" time="2.321" errors="0" timestamp="2022-02-11T16:40:31 IST" skipped="0">
  <testcase classname="authentication.PreemptiveAuthTest" name="preemptiveAuth" time="2.321"/>
  <system-out/>
</testsuite> <!-- authentication.PreemptiveAuthTest -->
