<?xml version="1.0" encoding="UTF-8"?>
<!-- Generated by org.testng.reporters.JUnitReportReporter -->
<testsuite hostname="DESKTOP-53K956R" failures="0" tests="1" name="responseValidation.ResponseValidationDynamic" time="3.126" errors="0" timestamp="2022-02-10T16:45:37 IST" skipped="0">
  <testcase classname="responseValidation.ResponseValidationDynamic" name="respValidation" time="3.126"/>
  <system-out/>
</testsuite> <!-- responseValidation.ResponseValidationDynamic -->
