<?xml version="1.0" encoding="UTF-8"?>
<!-- Generated by org.testng.reporters.JUnitReportReporter -->
<testsuite hostname="DESKTOP-53K956R" failures="0" tests="1" name="waysToPostRequest.CreateProjUsingJSONFile" time="2.248" errors="0" timestamp="2022-02-10T14:52:21 IST" skipped="0">
  <testcase classname="waysToPostRequest.CreateProjUsingJSONFile" name="createProjFile" time="2.248"/>
  <system-out/>
</testsuite> <!-- waysToPostRequest.CreateProjUsingJSONFile -->
