<?xml version="1.0" encoding="UTF-8"?>
<!-- Generated by org.testng.reporters.JUnitReportReporter -->
<testsuite hostname="DESKTOP-53K956R" failures="0" tests="1" name="waysToPostRequest.CreateProjUsingPojo" time="2.633" errors="0" timestamp="2022-02-10T14:40:58 IST" skipped="0">
  <testcase classname="waysToPostRequest.CreateProjUsingPojo" name="createProjPojo" time="2.633"/>
  <system-out/>
</testsuite> <!-- waysToPostRequest.CreateProjUsingPojo -->
