<?xml version="1.0" encoding="UTF-8"?>
<!-- Generated by org.testng.reporters.JUnitReportReporter -->
<testsuite hostname="DESKTOP-53K956R" failures="0" tests="1" name="com.RMGYantraTests.UpdateResourseAndVerifyInDB" time="2.425" errors="0" timestamp="2022-02-12T19:12:02 IST" skipped="0">
  <testcase classname="com.RMGYantraTests.UpdateResourseAndVerifyInDB" name="updateResourseAndVerifyInDB" time="2.425"/>
  <system-out>
    <![CDATA[TY_PROJ_602
validation succesful]]>
  </system-out>
</testsuite> <!-- com.RMGYantraTests.UpdateResourseAndVerifyInDB -->
