<?xml version="1.0" encoding="UTF-8"?>
<!-- Generated by org.testng.reporters.JUnitReportReporter -->
<testsuite hostname="DESKTOP-53K956R" failures="0" tests="1" name="parametersAndAuthentication.PathParameterTest" time="2.349" errors="0" timestamp="2022-02-11T12:29:48 IST" skipped="0">
  <testcase classname="parametersAndAuthentication.PathParameterTest" name="pathParam" time="2.349"/>
  <system-out/>
</testsuite> <!-- parametersAndAuthentication.PathParameterTest -->
