<?xml version="1.0" encoding="UTF-8"?>
<!-- Generated by org.testng.reporters.JUnitReportReporter -->
<testsuite hostname="DESKTOP-53K956R" failures="0" tests="1" name="authentication.basicAuthTest" time="2.499" errors="0" timestamp="2022-02-11T16:20:37 IST" skipped="0">
  <testcase classname="authentication.basicAuthTest" name="basicAuth" time="2.499"/>
  <system-out/>
</testsuite> <!-- authentication.basicAuthTest -->
