<?xml version="1.0" encoding="UTF-8"?>
<!-- Generated by org.testng.reporters.JUnitReportReporter -->
<testsuite hostname="DESKTOP-53K956R" failures="0" tests="1" name="waysToPostRequest.CreateProjectUsingJSONObj" time="2.574" errors="0" timestamp="2022-02-10T14:32:27 IST" skipped="0">
  <testcase classname="waysToPostRequest.CreateProjectUsingJSONObj" name="createProj" time="2.574"/>
  <system-out/>
</testsuite> <!-- waysToPostRequest.CreateProjectUsingJSONObj -->
