<?xml version="1.0" encoding="UTF-8"?>
<!-- Generated by org.testng.reporters.JUnitReportReporter -->
<testsuite hostname="DESKTOP-53K956R" failures="0" tests="1" name="responseValidation.ResponseVerificationforStatic" time="3.449" errors="0" timestamp="2022-02-10T16:45:09 IST" skipped="0">
  <testcase classname="responseValidation.ResponseVerificationforStatic" name="respVerification" time="3.449"/>
  <system-out/>
</testsuite> <!-- responseValidation.ResponseVerificationforStatic -->
