<?xml version="1.0" encoding="UTF-8"?>
<!-- Generated by org.testng.reporters.JUnitReportReporter -->
<testsuite hostname="DESKTOP-53K956R" failures="0" tests="1" name="practiseCRUDwithoutBDD.GetSingleProject" time="2.326" errors="0" timestamp="2022-02-09T22:07:04 IST" skipped="0">
  <testcase classname="practiseCRUDwithoutBDD.GetSingleProject" name="getSingleProject" time="2.326"/>
  <system-out/>
</testsuite> <!-- practiseCRUDwithoutBDD.GetSingleProject -->
