<?xml version="1.0" encoding="UTF-8"?>
<!-- Generated by org.testng.reporters.JUnitReportReporter -->
<testsuite hostname="DESKTOP-53K956R" failures="0" tests="1" name="authentication.Oauth2Test" time="4.048" errors="0" timestamp="2022-02-11T17:27:42 IST" skipped="0">
  <testcase classname="authentication.Oauth2Test" name="aAuthTest" time="4.048"/>
  <system-out/>
</testsuite> <!-- authentication.Oauth2Test -->
