<?xml version="1.0" encoding="UTF-8"?>
<!-- Generated by org.testng.reporters.JUnitReportReporter -->
<testsuite hostname="DESKTOP-53K956R" failures="0" tests="1" name="practiseCRUDwithBDD.GetAllProjects" time="2.399" errors="0" timestamp="2022-02-11T12:52:39 IST" skipped="0">
  <testcase classname="practiseCRUDwithBDD.GetAllProjects" name="getAllProjects" time="2.399"/>
  <system-out/>
</testsuite> <!-- practiseCRUDwithBDD.GetAllProjects -->
