<?xml version="1.0" encoding="UTF-8"?>
<!-- Generated by org.testng.reporters.JUnitReportReporter -->
<testsuite hostname="DESKTOP-53K956R" failures="0" tests="1" name="practiseCRUDwithoutBDD.DeleteProject" time="2.246" errors="0" timestamp="2022-02-09T22:27:33 IST" skipped="0">
  <testcase classname="practiseCRUDwithoutBDD.DeleteProject" name="deleteProject" time="2.246"/>
  <system-out/>
</testsuite> <!-- practiseCRUDwithoutBDD.DeleteProject -->
