<?xml version="1.0" encoding="UTF-8"?>
<!-- Generated by org.testng.reporters.JUnitReportReporter -->
<testsuite hostname="DESKTOP-53K956R" failures="0" tests="1" name="responseValidation.VerifyRespTimeUsingHamcrest" time="2.231" errors="0" timestamp="2022-02-11T17:48:45 IST" skipped="0">
  <testcase classname="responseValidation.VerifyRespTimeUsingHamcrest" name="verifyRespTimeUsingHamcrest" time="2.231"/>
  <system-out/>
</testsuite> <!-- responseValidation.VerifyRespTimeUsingHamcrest -->
