<?xml version="1.0" encoding="UTF-8"?>
<!-- Generated by org.testng.reporters.JUnitReportReporter -->
<testsuite hostname="DESKTOP-53K956R" failures="0" tests="1" name="practiseCRUDwithBDD.DeleteProjectTest" time="2.149" errors="0" timestamp="2022-02-10T17:41:21 IST" skipped="0">
  <testcase classname="practiseCRUDwithBDD.DeleteProjectTest" name="delProject" time="2.149"/>
  <system-out/>
</testsuite> <!-- practiseCRUDwithBDD.DeleteProjectTest -->
