<?xml version="1.0" encoding="UTF-8"?>
<!-- Generated by org.testng.reporters.JUnitReportReporter -->
<testsuite hostname="DESKTOP-53K956R" failures="0" tests="1" name="authentication.DigestiveAuthTest" time="2.209" errors="0" timestamp="2022-02-11T16:45:28 IST" skipped="0">
  <testcase classname="authentication.DigestiveAuthTest" name="digestiveAuth" time="2.209"/>
  <system-out/>
</testsuite> <!-- authentication.DigestiveAuthTest -->
