<?xml version="1.0" encoding="UTF-8"?>
<!-- Generated by org.testng.reporters.JUnitReportReporter -->
<testsuite hostname="DESKTOP-53K956R" failures="0" tests="1" name="requestchaining.PostAndDelTest" time="3.192" errors="0" timestamp="2022-02-11T15:00:30 IST" skipped="0">
  <testcase classname="requestchaining.PostAndDelTest" name="postAndDel" time="3.192"/>
  <system-out/>
</testsuite> <!-- requestchaining.PostAndDelTest -->
